[    0.000000] Linux version 4.15.0-212-generic (buildd@lcy02-amd64-083) (gcc version 7.5.0 (Ubuntu 7.5.0-3ubuntu1~18.04)) #223-Ubuntu SMP Tue May 23 13:09:22 UTC 2023 (Ubuntu 4.15.0-212.223-generic 4.15.18)
[    0.000000] Command line: BOOT_IMAGE=/boot/vmlinuz-4.15.0-212-generic root=LABEL=cloudimg-rootfs ro console=tty1 console=ttyS0
[    0.000000] KERNEL supported cpus:
[    0.000000]   Intel GenuineIntel
[    0.000000]   AMD AuthenticAMD
[    0.000000]   Centaur CentaurHauls
[    0.000000] x86/fpu: Supporting XSAVE feature 0x001: 'x87 floating point registers'
[    0.000000] x86/fpu: Supporting XSAVE feature 0x002: 'SSE registers'
[    0.000000] x86/fpu: Supporting XSAVE feature 0x004: 'AVX registers'
[    0.000000] x86/fpu: xstate_offset[2]:  576, xstate_sizes[2]:  256
[    0.000000] x86/fpu: Enabled xstate features 0x7, context size is 832 bytes, using 'standard' format.
[    0.000000] e820: BIOS-provided physical RAM map:
[    0.000000] BIOS-e820: [mem 0x0000000000000000-0x000000000009fbff] usable
[    0.000000] BIOS-e820: [mem 0x000000000009fc00-0x000000000009ffff] reserved
[    0.000000] BIOS-e820: [mem 0x00000000000f0000-0x00000000000fffff] reserved
[    0.000000] BIOS-e820: [mem 0x0000000000100000-0x000000003ffeffff] usable
[    0.000000] BIOS-e820: [mem 0x000000003fff0000-0x000000003fffffff] ACPI data
[    0.000000] BIOS-e820: [mem 0x00000000fec00000-0x00000000fec00fff] reserved
[    0.000000] BIOS-e820: [mem 0x00000000fee00000-0x00000000fee00fff] reserved
[    0.000000] BIOS-e820: [mem 0x00000000fffc0000-0x00000000ffffffff] reserved
[    0.000000] NX (Execute Disable) protection: active
[    0.000000] SMBIOS 2.5 present.
[    0.000000] DMI: innotek GmbH VirtualBox/VirtualBox, BIOS VirtualBox 12/01/2006
[    0.000000] Hypervisor detected: KVM
[    0.000000] e820: last_pfn = 0x3fff0 max_arch_pfn = 0x400000000
[    0.000000] x86/PAT: Configuration [0-7]: WB  WC  UC- UC  WB  WP  UC- WT  
[    0.000000] found SMP MP-table at [mem 0x0009fbf0-0x0009fbff]
[    0.000000] Scanning 1 areas for low memory corruption
[    0.000000] RAMDISK: [mem 0x359cb000-0x36cdcfff]
[    0.000000] ACPI: Early table checksum verification disabled
[    0.000000] ACPI: RSDP 0x00000000000E0000 000024 (v02 VBOX  )
[    0.000000] ACPI: XSDT 0x000000003FFF0030 00003C (v01 VBOX   VBOXXSDT 00000001 ASL  00000061)
[    0.000000] ACPI: FACP 0x000000003FFF00F0 0000F4 (v04 VBOX   VBOXFACP 00000001 ASL  00000061)
[    0.000000] ACPI: DSDT 0x000000003FFF0610 002353 (v02 VBOX   VBOXBIOS 00000002 INTL 20240322)
[    0.000000] ACPI: FACS 0x000000003FFF0200 000040
[    0.000000] ACPI: FACS 0x000000003FFF0200 000040
[    0.000000] ACPI: APIC 0x000000003FFF0240 00005C (v02 VBOX   VBOXAPIC 00000001 ASL  00000061)
[    0.000000] ACPI: SSDT 0x000000003FFF02A0 00036C (v01 VBOX   VBOXCPUT 00000002 INTL 20240322)
[    0.000000] ACPI: Reserving FACP table memory at [mem 0x3fff00f0-0x3fff01e3]
[    0.000000] ACPI: Reserving DSDT table memory at [mem 0x3fff0610-0x3fff2962]
[    0.000000] ACPI: Reserving FACS table memory at [mem 0x3fff0200-0x3fff023f]
[    0.000000] ACPI: Reserving FACS table memory at [mem 0x3fff0200-0x3fff023f]
[    0.000000] ACPI: Reserving APIC table memory at [mem 0x3fff0240-0x3fff029b]
[    0.000000] ACPI: Reserving SSDT table memory at [mem 0x3fff02a0-0x3fff060b]
[    0.000000] No NUMA configuration found
[    0.000000] Faking a node at [mem 0x0000000000000000-0x000000003ffeffff]
[    0.000000] NODE_DATA(0) allocated [mem 0x3ffc5000-0x3ffeffff]
[    0.000000] kvm-clock: cpu 0, msr 0:3ff44001, primary cpu clock
[    0.000000] kvm-clock: Using msrs 4b564d01 and 4b564d00
[    0.000000] kvm-clock: using sched offset of 3433921473 cycles
[    0.000000] clocksource: kvm-clock: mask: 0xffffffffffffffff max_cycles: 0x1cd42e4dffb, max_idle_ns: 881590591483 ns
[    0.000000] Zone ranges:
[    0.000000]   DMA      [mem 0x0000000000001000-0x0000000000ffffff]
[    0.000000]   DMA32    [mem 0x0000000001000000-0x000000003ffeffff]
[    0.000000]   Normal   empty
[    0.000000]   Device   empty
[    0.000000] Movable zone start for each node
[    0.000000] Early memory node ranges
[    0.000000]   node   0: [mem 0x0000000000001000-0x000000000009efff]
[    0.000000]   node   0: [mem 0x0000000000100000-0x000000003ffeffff]
[    0.000000] Reserved but unavailable: 104 pages
[    0.000000] Initmem setup node 0 [mem 0x0000000000001000-0x000000003ffeffff]
[    0.000000] ACPI: PM-Timer IO Port: 0x4008
[    0.000000] IOAPIC[0]: apic_id 2, version 32, address 0xfec00000, GSI 0-23
[    0.000000] ACPI: INT_SRC_OVR (bus 0 bus_irq 0 global_irq 2 dfl dfl)
[    0.000000] ACPI: INT_SRC_OVR (bus 0 bus_irq 9 global_irq 9 low level)
[    0.000000] Using ACPI (MADT) for SMP configuration information
[    0.000000] smpboot: Allowing 2 CPUs, 0 hotplug CPUs
[    0.000000] PM: Registered nosave memory: [mem 0x00000000-0x00000fff]
[    0.000000] PM: Registered nosave memory: [mem 0x0009f000-0x0009ffff]
[    0.000000] PM: Registered nosave memory: [mem 0x000a0000-0x000effff]
[    0.000000] PM: Registered nosave memory: [mem 0x000f0000-0x000fffff]
[    0.000000] e820: [mem 0x40000000-0xfebfffff] available for PCI devices
[    0.000000] Booting paravirtualized kernel on KVM
[    0.000000] clocksource: refined-jiffies: mask: 0xffffffff max_cycles: 0xffffffff, max_idle_ns: 7645519600211568 ns
[    0.000000] setup_percpu: NR_CPUS:8192 nr_cpumask_bits:2 nr_cpu_ids:2 nr_node_ids:1
[    0.000000] percpu: Embedded 50 pages/cpu s167936 r8192 d28672 u1048576
[    0.000000] PV qspinlock hash table entries: 256 (order: 0, 4096 bytes)
[    0.000000] Built 1 zonelists, mobility grouping on.  Total pages: 257913
[    0.000000] Policy zone: DMA32
[    0.000000] Kernel command line: BOOT_IMAGE=/boot/vmlinuz-4.15.0-212-generic root=LABEL=cloudimg-rootfs ro console=tty1 console=ttyS0
[    0.000000] Memory: 982644K/1048120K available (12300K kernel code, 2477K rwdata, 4324K rodata, 2480K init, 2720K bss, 65476K reserved, 0K cma-reserved)
[    0.000000] SLUB: HWalign=64, Order=0-3, MinObjects=0, CPUs=2, Nodes=1
[    0.000000] Kernel/User page tables isolation: enabled
[    0.000000] ftrace: allocating 39508 entries in 155 pages
[    0.004000] Hierarchical RCU implementation.
[    0.004000] 	RCU restricting CPUs from NR_CPUS=8192 to nr_cpu_ids=2.
[    0.004000] 	Tasks RCU enabled.
[    0.004000] RCU: Adjusting geometry for rcu_fanout_leaf=16, nr_cpu_ids=2
[    0.004000] NR_IRQS: 524544, nr_irqs: 440, preallocated irqs: 16
[    0.004000] random: crng init done
[    0.004000] Console: colour VGA+ 80x25
[    0.004000] console [tty1] enabled
[    0.004000] console [ttyS0] enabled
[    0.004000] ACPI: Core revision 20170831
[    0.004000] ACPI: 2 ACPI AML tables successfully acquired and loaded
[    0.004000] APIC: Switch to symmetric I/O mode setup
[    0.004000] x2apic enabled
[    0.004018] Switched APIC routing to physical x2apic.
[    0.012000] ..TIMER: vector=0x30 apic1=0 pin1=2 apic2=-1 pin2=-1
[    0.012002] tsc: Detected 2307.744 MHz processor
[    0.016009] Calibrating delay loop (skipped) preset value.. 4615.48 BogoMIPS (lpj=9230976)
[    0.020002] pid_max: default: 32768 minimum: 301
[    0.024043] Security Framework initialized
[    0.026422] Yama: becoming mindful.
[    0.028038] AppArmor: AppArmor initialized
[    0.033409] Dentry cache hash table entries: 131072 (order: 8, 1048576 bytes)
[    0.036708] Inode-cache hash table entries: 65536 (order: 7, 524288 bytes)
[    0.040033] Mount-cache hash table entries: 2048 (order: 2, 16384 bytes)
[    0.044026] Mountpoint-cache hash table entries: 2048 (order: 2, 16384 bytes)
[    0.049210] Last level iTLB entries: 4KB 64, 2MB 8, 4MB 8
[    0.052002] Last level dTLB entries: 4KB 64, 2MB 0, 4MB 0, 1GB 4
[    0.056016] Spectre V1 : Mitigation: usercopy/swapgs barriers and __user pointer sanitization
[    0.060002] Spectre V2 : Mitigation: Retpolines
[    0.064002] Spectre V2 : Spectre v2 / SpectreRSB mitigation: Filling RSB on context switch
[    0.068002] Spectre V2 : Spectre v2 / SpectreRSB : Filling RSB on VMEXIT
[    0.072002] RETBleed: WARNING: Spectre v2 mitigation leaves CPU vulnerable to RETBleed attacks, data leaks possible!
[    0.076002] RETBleed: Vulnerable
[    0.080002] Speculative Store Bypass: Vulnerable
[    0.082751] MDS: Mitigation: Clear CPU buffers
[    0.084002] MMIO Stale Data: Mitigation: Clear CPU buffers
[    0.088018] SRBDS: Unknown: Dependent on hypervisor status
[    0.092164] Freeing SMP alternatives memory: 36K
[    0.208309] smpboot: CPU0: Intel(R) Core(TM) i5-7360U CPU @ 2.30GHz (family: 0x6, model: 0x8e, stepping: 0x9)
[    0.212207] Performance Events: unsupported p6 CPU model 142 no PMU driver, software events only.
[    0.216065] Hierarchical SRCU implementation.
[    0.220587] NMI watchdog: Perf event create on CPU 0 failed with -2
[    0.224002] NMI watchdog: Perf NMI watchdog permanently disabled
[    0.228139] smp: Bringing up secondary CPUs ...
[    0.232003] x86: Booting SMP configuration:
[    0.234413] .... node  #0, CPUs:      #1
[    0.004000] kvm-clock: cpu 1, msr 0:3ff44041, secondary cpu clock
[    0.240113] smp: Brought up 1 node, 2 CPUs
[    0.242686] smpboot: Max logical packages: 1
[    0.244004] smpboot: Total of 2 processors activated (9230.97 BogoMIPS)
[    0.249713] devtmpfs: initialized
[    0.252060] x86/mm: Memory block size: 128MB
[    0.254729] evm: security.selinux
[    0.256000] evm: security.SMACK64
[    0.256003] evm: security.SMACK64EXEC
[    0.258141] evm: security.SMACK64TRANSMUTE
[    0.260002] evm: security.SMACK64MMAP
[    0.262596] evm: security.apparmor
[    0.264002] evm: security.ima
[    0.265750] evm: security.capability
[    0.268242] clocksource: jiffies: mask: 0xffffffff max_cycles: 0xffffffff, max_idle_ns: 7645041785100000 ns
[    0.272008] futex hash table entries: 512 (order: 3, 32768 bytes)
[    0.276126] pinctrl core: initialized pinctrl subsystem
[    0.280344] RTC time: 15:11:28, date: 08/19/25
[    0.284213] NET: Registered protocol family 16
[    0.286829] audit: initializing netlink subsys (disabled)
[    0.288073] audit: type=2000 audit(1755616293.104:1): state=initialized audit_enabled=0 res=1
[    0.292012] cpuidle: using governor ladder
[    0.294750] cpuidle: using governor menu
[    0.296040] ACPI: bus type PCI registered
[    0.300003] acpiphp: ACPI Hot Plug PCI Controller Driver version: 0.5
[    0.304135] PCI: Using configuration type 1 for base access
[    0.309123] HugeTLB registered 2.00 MiB page size, pre-allocated 0 pages
[    0.312170] ACPI: Added _OSI(Module Device)
[    0.316003] ACPI: Added _OSI(Processor Device)
[    0.318545] ACPI: Added _OSI(3.0 _SCP Extensions)
[    0.320008] ACPI: Added _OSI(Processor Aggregator Device)
[    0.324003] ACPI: Added _OSI(Linux-Dell-Video)
[    0.328003] ACPI: Added _OSI(Linux-Lenovo-NV-HDMI-Audio)
[    0.332003] ACPI: Added _OSI(Linux-HPI-Hybrid-Graphics)
[    0.335550] ACPI: Executed 1 blocks of module-level executable AML code
[    0.342729] ACPI: Interpreter enabled
[    0.344011] ACPI: (supports S0 S5)
[    0.346029] ACPI: Using IOAPIC for interrupt routing
[    0.348357] PCI: Using host bridge windows from ACPI; if necessary, use "pci=nocrs" and report a bug
[    0.352212] ACPI: Enabled 2 GPEs in block 00 to 07
[    0.367862] ACPI: PCI Root Bridge [PCI0] (domain 0000 [bus 00-ff])
[    0.368007] acpi PNP0A03:00: _OSC: OS supports [ASPM ClockPM Segments MSI]
[    0.372706] acpi PNP0A03:00: _OSC: not requesting OS control; OS requires [ExtendedConfig ASPM ClockPM MSI]
[    0.376010] acpi PNP0A03:00: fail to add MMCONFIG information, can't access extended PCI configuration space under this bridge.
[    0.380884] PCI host bridge to bus 0000:00
[    0.384004] pci_bus 0000:00: root bus resource [io  0x0000-0x0cf7 window]
[    0.388003] pci_bus 0000:00: root bus resource [io  0x0d00-0xffff window]
[    0.391768] pci_bus 0000:00: root bus resource [mem 0x000a0000-0x000bffff window]
[    0.392003] pci_bus 0000:00: root bus resource [mem 0x40000000-0xfdffffff window]
[    0.396003] pci_bus 0000:00: root bus resource [bus 00-ff]
[    0.404591] pci 0000:00:01.1: legacy IDE quirk: reg 0x10: [io  0x01f0-0x01f7]
[    0.408003] pci 0000:00:01.1: legacy IDE quirk: reg 0x14: [io  0x03f6]
[    0.412003] pci 0000:00:01.1: legacy IDE quirk: reg 0x18: [io  0x0170-0x0177]
[    0.416003] pci 0000:00:01.1: legacy IDE quirk: reg 0x1c: [io  0x0376]
[    0.482364] pci 0000:00:07.0: quirk: [io  0x4000-0x403f] claimed by PIIX4 ACPI
[    0.484031] pci 0000:00:07.0: quirk: [io  0x4100-0x410f] claimed by PIIX4 SMB
[    0.498304] ACPI: PCI Interrupt Link [LNKA] (IRQs 5 9 10 *11)
[    0.500494] ACPI: PCI Interrupt Link [LNKB] (IRQs 5 9 *10 11)
[    0.504182] ACPI: PCI Interrupt Link [LNKC] (IRQs 5 *9 10 11)
[    0.508183] ACPI: PCI Interrupt Link [LNKD] (IRQs 5 9 10 *11)
[    0.512456] SCSI subsystem initialized
[    0.515030] pci 0000:00:02.0: vgaarb: setting as boot VGA device
[    0.515610] pci 0000:00:02.0: vgaarb: VGA device added: decodes=io+mem,owns=io+mem,locks=none
[    0.516004] pci 0000:00:02.0: vgaarb: bridge control possible
[    0.520002] vgaarb: loaded
[    0.524036] ACPI: bus type USB registered
[    0.526369] usbcore: registered new interface driver usbfs
[    0.528017] usbcore: registered new interface driver hub
[    0.532009] usbcore: registered new device driver usb
[    0.536095] EDAC MC: Ver: 3.0.0
[    0.540054] PCI: Using ACPI for IRQ routing
[    0.543050] NetLabel: Initializing
[    0.544002] NetLabel:  domain hash size = 128
[    0.548003] NetLabel:  protocols = UNLABELED CIPSOv4 CALIPSO
[    0.551196] NetLabel:  unlabeled traffic allowed by default
[    0.552129] clocksource: Switched to clocksource kvm-clock
[    0.573932] VFS: Disk quotas dquot_6.6.0
[    0.576309] VFS: Dquot-cache hash table entries: 512 (order 0, 4096 bytes)
[    0.576989] AppArmor: AppArmor Filesystem Enabled
[    0.583206] pnp: PnP ACPI init
[    0.587000] pnp: PnP ACPI: found 3 devices
[    0.608401] clocksource: acpi_pm: mask: 0xffffff max_cycles: 0xffffff, max_idle_ns: 2085701024 ns
[    0.614973] NET: Registered protocol family 2
[    0.618003] IP idents hash table entries: 16384 (order: 5, 131072 bytes)
[    0.622870] TCP established hash table entries: 8192 (order: 4, 65536 bytes)
[    0.627701] TCP bind hash table entries: 8192 (order: 5, 131072 bytes)
[    0.631582] TCP: Hash tables configured (established 8192 bind 8192)
[    0.636885] UDP hash table entries: 512 (order: 2, 16384 bytes)
[    0.640650] UDP-Lite hash table entries: 512 (order: 2, 16384 bytes)
[    0.646486] NET: Registered protocol family 1
[    0.649753] pci 0000:00:00.0: Limiting direct PCI/PCI transfers
[    0.654404] pci 0000:00:01.0: Activating ISA DMA hang workarounds
[    0.658280] pci 0000:00:02.0: Video device with shadowed ROM at [mem 0x000c0000-0x000dffff]
[    0.665331] Unpacking initramfs...
[    0.997366] Freeing initrd memory: 19528K
[    1.000295] clocksource: tsc: mask: 0xffffffffffffffff max_cycles: 0x2143c88d6cd, max_idle_ns: 440795207036 ns
[    1.005862] platform rtc_cmos: registered platform RTC device (no PNP device found)
[    1.010126] Scanning for low memory corruption every 60 seconds
[    1.014403] Initialise system trusted keyrings
[    1.016983] Key type blacklist registered
[    1.019472] workingset: timestamp_bits=36 max_order=18 bucket_order=0
[    1.024431] zbud: loaded
[    1.026644] squashfs: version 4.0 (2009/01/31) Phillip Lougher
[    1.030502] fuse init (API version 7.26)
[    1.043120] Key type asymmetric registered
[    1.045587] Asymmetric key parser 'x509' registered
[    1.048394] Block layer SCSI generic (bsg) driver version 0.4 loaded (major 246)
[    1.052785] io scheduler noop registered
[    1.055110] io scheduler deadline registered
[    1.057730] io scheduler cfq registered (default)
[    1.061105] ACPI: AC Adapter [AC] (on-line)
[    1.063803] input: Power Button as /devices/LNXSYSTM:00/LNXPWRBN:00/input/input0
[    1.068845] ACPI: Power Button [PWRF]
[    1.071145] input: Sleep Button as /devices/LNXSYSTM:00/LNXSLPBN:00/input/input1
[    1.075380] ACPI: Sleep Button [SLPF]
[    1.079453] Serial: 8250/16550 driver, 32 ports, IRQ sharing enabled
[    1.081495] ACPI: Battery Slot [BAT0] (battery present)
[    1.112413] 00:02: ttyS0 at I/O 0x3f8 (irq = 4, base_baud = 115200) is a 16550A
[    1.122895] Linux agpgart interface v0.103
[    1.129099] loop: module loaded
[    1.132333] scsi host0: ata_piix
[    1.134740] scsi host1: ata_piix
[    1.136679] ata1: PATA max UDMA/33 cmd 0x1f0 ctl 0x3f6 bmdma 0xd000 irq 14
[    1.140484] ata2: PATA max UDMA/33 cmd 0x170 ctl 0x376 bmdma 0xd008 irq 15
[    1.144496] tun: Universal TUN/TAP device driver, 1.6
[    1.147850] PPP generic driver version 2.4.2
[    1.150494] ehci_hcd: USB 2.0 'Enhanced' Host Controller (EHCI) Driver
[    1.154186] ehci-pci: EHCI PCI platform driver
[    1.157261] ehci-platform: EHCI generic platform driver
[    1.160257] ohci_hcd: USB 1.1 'Open' Host Controller (OHCI) Driver
[    1.163701] ohci-pci: OHCI PCI platform driver
[    1.166254] ohci-platform: OHCI generic platform driver
[    1.169226] uhci_hcd: USB Universal Host Controller Interface driver
[    1.172993] i8042: PNP: PS/2 Controller [PNP0303:PS2K,PNP0f03:PS2M] at 0x60,0x64 irq 1,12
[    1.180009] serio: i8042 KBD port at 0x60,0x64 irq 1
[    1.182936] serio: i8042 AUX port at 0x60,0x64 irq 12
[    1.186859] mousedev: PS/2 mouse device common for all mice
[    1.192131] input: AT Translated Set 2 keyboard as /devices/platform/i8042/serio0/input/input2
[    1.196297] rtc_cmos rtc_cmos: rtc core: registered rtc_cmos as rtc0
[    1.201681] rtc_cmos rtc_cmos: alarms up to one day, 114 bytes nvram
[    1.205407] i2c /dev entries driver
[    1.205407] device-mapper: uevent: version 1.0.3
[    1.205407] device-mapper: ioctl: 4.37.0-ioctl (2017-09-20) initialised: dm-devel@redhat.com
[    1.216338] ledtrig-cpu: registered to indicate activity on CPUs
[    1.221131] NET: Registered protocol family 10
[    1.229729] Segment Routing with IPv6
[    1.232161] NET: Registered protocol family 17
[    1.235212] Key type dns_resolver registered
[    1.238378] mce: Using 0 MCE banks
[    1.240731] RAS: Correctable Errors collector initialized.
[    1.244269] sched_clock: Marking stable (1244175685, 0)->(1689524129, -445348444)
[    1.249879] registered taskstats version 1
[    1.253172] Loading compiled-in X.509 certificates
[    1.259043] Loaded X.509 cert 'Build time autogenerated kernel key: b5b26778eaa3ab3a4a6cee031137706e947d12ad'
[    1.265336] Loaded X.509 cert 'Canonical Ltd. Live Patch Signing: 14df34d1a87cf37625abec039ef2bf521249b969'
[    1.272392] Loaded X.509 cert 'Canonical Ltd. Kernel Module Signing: 88f752e560a1e0737e31163a466ad7b70a850c19'
[    1.278614] blacklist: Loading compiled-in revocation X.509 certificates
[    1.283330] Loaded X.509 cert 'Canonical Ltd. Secure Boot Signing: 61482aa2830d0ab2ad5af10b7250da9033ddcef0'
[    1.289186] Loaded X.509 cert 'Canonical Ltd. Secure Boot Signing (2017): 242ade75ac4a15e50d50c84b0d45ff3eae707a03'
[    1.295225] Loaded X.509 cert 'Canonical Ltd. Secure Boot Signing (ESM 2018): 365188c1d374d6b07c3c8f240f8ef722433d6a8b'
[    1.301440] Loaded X.509 cert 'Canonical Ltd. Secure Boot Signing (2019): c0746fd6c5da3ae827864651ad66ae47fe24b3e8'
[    1.321711] Loaded X.509 cert 'Canonical Ltd. Secure Boot Signing (2021 v1): a8d54bbb3825cfb94fa13c9f8a594a195c107b8d'
[    1.328517] Loaded X.509 cert 'Canonical Ltd. Secure Boot Signing (2021 v2): 4cf046892d6fd3c9a5b03f98d845f90851dc6a8c'
[    1.336776] Loaded X.509 cert 'Canonical Ltd. Secure Boot Signing (2021 v3): 100437bb6de6e469b581e61cd66bce3ef4ed53af'
[    1.343782] Loaded X.509 cert 'Canonical Ltd. Secure Boot Signing (Ubuntu Core 2019): c1d57b8f6b743f23ee41f4f7ee292f06eecadfb9'
[    1.351163] zswap: loaded using pool lzo/zbud
[    1.369897] Key type big_key registered
[    1.372457] Key type trusted registered
[    1.377713] Key type encrypted registered
[    1.380315] AppArmor: AppArmor sha1 policy hashing enabled
[    1.383863] ima: No TPM chip found, activating TPM-bypass! (rc=-19)
[    1.387819] ima: Allocated hash algorithm: sha1
[    1.390861] evm: HMAC attrs: 0x1
[    1.393531]   Magic number: 5:647:184
[    1.396408] rtc_cmos rtc_cmos: setting system clock to 2025-08-19 15:11:29 UTC (1755616289)
[    1.401771] BIOS EDD facility v0.16 2004-Jun-25, 0 devices found
[    1.405465] EDD information not available.
[    1.411086] Freeing unused kernel image memory: 2480K
[    1.424988] Write protecting the kernel read-only data: 20480k
[    1.431371] Freeing unused kernel image memory: 2008K
[    1.435457] Freeing unused kernel image memory: 1820K
[    1.445007] x86/mm: Checked W+X mappings: passed, no W+X pages found.
[    1.449350] x86/mm: Checking user space page tables
[    1.458249] x86/mm: Checked W+X mappings: passed, no W+X pages found.
Loading, please wait...
starting version 237
[    1.553956] Fusion MPT base driver 3.04.20
[    1.557124] Copyright (c) 1999-2008 LSI Corporation
[    1.573364] e1000: Intel(R) PRO/1000 Network Driver - version 7.3.21-k8-NAPI
[    1.578081] e1000: Copyright (c) 1999-2006 Intel Corporation.
[    1.590385] Fusion MPT SPI Host driver 3.04.20
[    1.596256] AVX2 version of gcm_enc/dec engaged.
[    1.599602] AES CTR mode by8 optimization enabled
[    1.828837] input: ImExPS/2 Generic Explorer Mouse as /devices/platform/i8042/serio1/input/input4
[    2.085231] e1000 0000:00:03.0 eth0: (PCI:33MHz:32-bit) 02:3b:7b:b7:3b:2d
[    2.089078] e1000 0000:00:03.0 eth0: Intel(R) PRO/1000 Network Connection
[    2.094585] mptbase: ioc0: Initiating bringup
[    2.094912] e1000 0000:00:03.0 enp0s3: renamed from eth0
[    2.206285] ioc0: LSI53C1030 A0: Capabilities={Initiator}
[    2.456469] scsi host2: ioc0: LSI53C1030 A0, FwRev=00000000h, Ports=1, MaxQ=256, IRQ=20
[    2.626403] scsi 2:0:0:0: Direct-Access     VBOX     HARDDISK         1.0  PQ: 0 ANSI: 5
[    2.668237] scsi target2:0:0: Beginning Domain Validation
[    2.678736] scsi target2:0:0: Domain Validation skipping write tests
[    2.683273] scsi target2:0:0: Ending Domain Validation
[    2.687116] scsi target2:0:0: asynchronous
[    2.691383] scsi 2:0:1:0: Direct-Access     VBOX     HARDDISK         1.0  PQ: 0 ANSI: 5
[    2.724711] scsi target2:0:1: Beginning Domain Validation
[    2.736102] scsi target2:0:1: Domain Validation skipping write tests
[    2.740517] scsi target2:0:1: Ending Domain Validation
[    2.744284] scsi target2:0:1: asynchronous
[    2.754491] sd 2:0:0:0: Attached scsi generic sg0 type 0
[    2.758401] sd 2:0:1:0: Attached scsi generic sg1 type 0
[    2.761814] sd 2:0:0:0: [sda] 83886080 512-byte logical blocks: (42.9 GB/40.0 GiB)
[    2.766746] sd 2:0:0:0: [sda] Write Protect is off
[    2.770976] sd 2:0:1:0: [sdb] 20480 512-byte logical blocks: (10.5 MB/10.0 MiB)
[    2.775320] sd 2:0:0:0: [sda] Write cache: enabled, read cache: enabled, supports DPO and FUA
[    2.780391] sd 2:0:1:0: [sdb] Write Protect is off
[    2.784466] sd 2:0:1:0: [sdb] Write cache: enabled, read cache: enabled, supports DPO and FUA
[    2.794078]  sda: sda1
[    2.798347] sd 2:0:0:0: [sda] Attached SCSI disk
[    2.802653] sd 2:0:1:0: [sdb] Attached SCSI disk
Begin: Loading essential drivers ... [    4.656513] raid6: sse2x1   gen() 12787 MB/s
[    4.744191] raid6: sse2x1   xor() 13375 MB/s
[    4.816092] raid6: sse2x2   gen() 14615 MB/s
[    4.891224] raid6: sse2x2   xor() 15571 MB/s
[    4.990972] raid6: sse2x4   gen() 38364 MB/s
[    5.055820] raid6: sse2x4   xor() 11909 MB/s
[    5.105809] raid6: avx2x1   gen() 20082 MB/s
[    5.259812] raid6: avx2x1   xor() 57403 MB/s
[    5.320106] raid6: avx2x2   gen() 32188 MB/s
[    5.397707] raid6: avx2x2   xor() 20495 MB/s
[    5.469524] raid6: avx2x4   gen() 51108 MB/s
[    5.523025] raid6: avx2x4   xor() 22196 MB/s
[    5.526712] raid6: using algorithm avx2x4 gen() 51108 MB/s
[    5.530218] raid6: .... xor() 22196 MB/s, rmw enabled
[    5.533508] raid6: using avx2x2 recovery algorithm
[    5.537803] xor: automatically using best checksumming function   avx       
[    5.543164] async_tx: api initialized (async)
done.
Begin: Running /scripts/init-premount ... done.
Begin: Mounting root file system ... Begin: Running /scripts/local-top ... done.
Begin: Running /scripts/local-premount ... [    5.598340] Btrfs loaded, crc32c=crc32c-intel
Scanning for Btrfs filesystems
done.
Warning: fsck not present, so skipping root file system
[    5.639842] EXT4-fs (sda1): mounted filesystem with ordered data mode. Opts: (null)
done.
Begin: Running /scripts/local-bottom ... done.
Begin: Running /scripts/init-bottom ... done.
[    5.846209] ip_tables: (C) 2000-2006 Netfilter Core Team
[    5.862487] systemd[1]: systemd 237 running in system mode. (+PAM +AUDIT +SELINUX +IMA +APPARMOR +SMACK +SYSVINIT +UTMP +LIBCRYPTSETUP +GCRYPT +GNUTLS +ACL +XZ +LZ4 +SECCOMP +BLKID +ELFUTILS +KMOD -IDN2 +IDN -PCRE2 default-hierarchy=hybrid)
[    5.874211] systemd[1]: Detected virtualization oracle.
[    5.877410] systemd[1]: Detected architecture x86-64.

Welcome to [1mUbuntu 18.04.6 LTS[0m!

[    5.897767] systemd[1]: Set hostname to <ubuntu>.
[    5.905502] systemd[1]: Initializing machine ID from random generator.
[    5.909985] systemd[1]: Installed transient /etc/machine-id file.
[    6.247213] systemd[1]: Reached target Mounting snaps.
[[0;32m  OK  [0m] Reached target Mounting snaps.
[    6.254252] systemd[1]: Set up automount Arbitrary Executable File Formats File System Automount Point.
[[0;32m  OK  [0m] Set up automount Arbitrary Executab…rmats File System Automount Point.
[    6.264166] systemd[1]: Reached target Swap.
[[0;32m  OK  [0m] Reached target Swap.
[    6.269685] systemd[1]: Reached target System Time Synchronized.
[[0;32m  OK  [0m] Reached target System Time Synchronized.
[[0;32m  OK  [0m] Reached target User and Group Name Lookups.
[[0;32m  OK  [0m] Started Forward Password Requests to Wall Directory Watch.
[[0;32m  OK  [0m] Created slice System Slice.
[[0;32m  OK  [0m] Created slice system-serial\x2dgetty.slice.
[[0;32m  OK  [0m] Listening on udev Control Socket.
[[0;32m  OK  [0m] Listening on LVM2 poll daemon socket.
[[0;32m  OK  [0m] Listening on Network Service Netlink Socket.
[[0;32m  OK  [0m] Listening on /dev/initctl Compatibility Named Pipe.
[[0;32m  OK  [0m] Listening on Syslog Socket.
[[0;32m  OK  [0m] Listening on Journal Socket.
         Mounting Huge Pages File System...
         Starting Set the console keyboard layout...
[[0;32m  OK  [0m] Listening on Journal Socket (/dev/log).
         Starting Load Kernel Modules...
         Starting Uncomplicated firewall...
         Mounting POSIX Message Queue File System...
         Starting Create list of required st…ce nodes for the current kernel...
[[0;32m  OK  [0m] Listening on fsck to fsckd communication Socket.
[[0;32m  OK  [0m] Listening on Journal Audit Socket.
[[0;32m  OK  [0m] Listening on udev Kernel Socket.
[[0;32m  OK  [0m] Listening on Device-mapper event daemon FIFOs.
         Starting udev Coldplug all Devices...
         Mounting Kernel Debug File System...
         Starting Journal Service...
[[0;32m  OK  [0m] Listening on LVM2 metadata daemon socket.
         Starting Monitoring of LVM2 mirrors…ng dmeventd or progress polling...
[[0;32m  OK  [0m] Reached target Mounted snaps.
[[0;32m  OK  [0m] Created slice User and Session Slice.
[[0;32m  OK  [0m] Reached target Slices.
         Starting File System Check on Root Device...
[[0;32m  OK  [0m] Mounted Huge Pages File System.
[[0;32m  OK  [0m] Started Uncomplicated firewall.
[[0;32m  OK  [0m] Mounted POSIX Message Queue File System.
[[0;32m  OK  [0m] Started Create list of required sta…vice nodes for the current kernel.
[[0;32m  OK  [0m] Mounted Kernel Debug File System.
         Starting Create Static Device Nodes in /dev...
[    6.416008] Loading iSCSI transport class v2.0-870.
[    6.424163] iscsi: registered transport (tcp)
[    6.442675] iscsi: registered transport (iser)
[[0;32m  OK  [0m] Started Load Kernel Modules.
         Mounting FUSE Control File System...
         Starting Apply Kernel Variables...
         Mounting Kernel Configuration File System...
[[0;32m  OK  [0m] Mounted FUSE Control File System.
[[0;32m  OK  [0m] Mounted Kernel Configuration File System.
[[0;32m  OK  [0m] Started udev Coldplug all Devices.
[[0;32m  OK  [0m] Started Journal Service.
[[0;32m  OK  [0m] Started LVM2 metadata daemon.
[[0;32m  OK  [0m] Started File System Check Daemon to report status.
[[0;32m  OK  [0m] Started Create Static Device Nodes in /dev.
[[0;32m  OK  [0m] Started Apply Kernel Variables.
[[0;32m  OK  [0m] Started Monitoring of LVM2 mirrors,…sing dmeventd or progress polling.
[[0;32m  OK  [0m] Started File System Check on Root Device.
         Starting Remount Root and Kernel File Systems...
[[0;32m  OK  [0m] Started Remount Root and Kernel File Systems.
         Starting Flush Journal to Persistent Storage...
         Starting udev Kernel Device Manager...
         Starting Load/Save Random Seed...
[[0;32m  OK  [0m] Started Load/Save Random Seed.
[[0;32m  OK  [0m] Started udev Kernel Device Manager.
[[0;32m  OK  [0m] Started Flush Journal to Persistent Storage.
[[0;32m  OK  [0m] Found device /dev/ttyS0.
[[0;32m  OK  [0m] Listening on Load/Save RF Kill Switch Status /dev/rfkill Watch.
         Mounting Arbitrary Executable File Formats File System...
[[0;32m  OK  [0m] Mounted Arbitrary Executable File Formats File System.
[[0;32m  OK  [0m] Started Set the console keyboard layout.
[[0;32m  OK  [0m] Reached target Local File Systems (Pre).
[[0;32m  OK  [0m] Reached target Local File Systems.
         Starting Tell Plymouth To Write Out Runtime Data...
         Starting ebtables ruleset management...
         Starting Create Volatile Files and Directories...
         Starting Commit a transient machine-id on disk...
         Starting Set console font and keymap...
         Starting AppArmor initialization...
[[0;32m  OK  [0m] Started Dispatch Password Requests to Console Directory Watch.
[[0;32m  OK  [0m] Reached target Local Encrypted Volumes.
[[0;32m  OK  [0m] Started Tell Plymouth To Write Out Runtime Data.
[[0;32m  OK  [0m] Started Create Volatile Files and Directories.
         Starting Update UTMP about System Boot/Shutdown...
[[0;32m  OK  [0m] Started Update UTMP about System Boot/Shutdown.
[[0;32m  OK  [0m] Started ebtables ruleset management.
[[0;32m  OK  [0m] Started Commit a transient machine-id on disk.
[[0;32m  OK  [0m] Started AppArmor initialization.
         Starting Initial cloud-init job (pre-networking)...
         Starting Load AppArmor profiles managed internally by snapd...
[[0;32m  OK  [0m] Started Load AppArmor profiles managed internally by snapd.
[[0;32m  OK  [0m] Started Set console font and keymap.
[   10.444976] cloud-init[838]: Cloud-init v. 23.1.2-0ubuntu0~18.04.1 running 'init-local' at Tue, 19 Aug 2025 15:11:38 +0000. Up 10.10 seconds.
[[0;32m  OK  [0m] Started Initial cloud-init job (pre-networking).
[[0;32m  OK  [0m] Reached target Network (Pre).
         Starting Network Service...
[[0;32m  OK  [0m] Started Network Service.
         Starting Wait for Network to be Configured...
         Starting Network Name Resolution...
[[0;32m  OK  [0m] Started Network Name Resolution.
[[0;32m  OK  [0m] Reached target Host and Network Name Lookups.
[[0;32m  OK  [0m] Reached target Network.
[[0;32m  OK  [0m] Started Wait for Network to be Configured.
         Starting Initial cloud-init job (metadata service crawler)...
[   12.463508] cloud-init[977]: Cloud-init v. 23.1.2-0ubuntu0~18.04.1 running 'init' at Tue, 19 Aug 2025 15:11:40 +0000. Up 12.27 seconds.
[   12.467606] cloud-init[977]: ci-info: +++++++++++++++++++++++++++++++++++++++++++Net device info++++++++++++++++++++++++++++++++++++++++++++
[   12.472566] cloud-init[977]: ci-info: +--------+------+---------------------------------------+---------------+--------+-------------------+
[   12.476518] cloud-init[977]: ci-info: | Device |  Up  |                Address                |      Mask     | Scope  |     Hw-Address    |
[   12.479938] cloud-init[977]: ci-info: +--------+------+---------------------------------------+---------------+--------+-------------------+
[   12.483311] cloud-init[977]: ci-info: | enp0s3 | True |               10.0.2.15               | 255.255.255.0 | global | 02:3b:7b:b7:3b:2d |
[   12.487685] cloud-init[977]: ci-info: | enp0s3 | True | fd17:625c:f037:2:3b:7bff:feb7:3b2d/64 |       .       | global | 02:3b:7b:b7:3b:2d |
[   12.491491] cloud-init[977]: ci-info: | enp0s3 | True |       fe80::3b:7bff:feb7:3b2d/64      |       .       |  link  | 02:3b:7b:b7:3b:2d |
[   12.513467] cloud-init[977]: ci-info: |   lo   | True |               127.0.0.1               |   255.0.0.0   |  host  |         .         |
[   12.526047] cloud-init[977]: ci-info: |   lo   | True |                ::1/128                |       .       |  host  |         .         |
[   12.539590] cloud-init[977]: ci-info: +--------+------+---------------------------------------+---------------+--------+-------------------+
[   12.552386] cloud-init[977]: ci-info: ++++++++++++++++++++++++++++Route IPv4 info+++++++++++++++++++++++++++++
[   12.567705] cloud-init[977]: ci-info: +-------+-------------+----------+-----------------+-----------+-------+
[   12.574406] cloud-init[977]: ci-info: | Route | Destination | Gateway  |     Genmask     | Interface | Flags |
[   12.578531] cloud-init[977]: ci-info: +-------+-------------+----------+-----------------+-----------+-------+
[   12.585209] cloud-init[977]: ci-info: |   0   |   0.0.0.0   | 10.0.2.2 |     0.0.0.0     |   enp0s3  |   UG  |
[   12.590278] cloud-init[977]: ci-info: |   1   |   10.0.2.0  | 0.0.0.0  |  255.255.255.0  |   enp0s3  |   U   |
[   12.594899] cloud-init[977]: ci-info: |   2   |   10.0.2.2  | 0.0.0.0  | 255.255.255.255 |   enp0s3  |   UH  |
[   12.599004] cloud-init[977]: ci-info: +-------+-------------+----------+-----------------+-----------+-------+
[   12.603560] cloud-init[977]: ci-info: ++++++++++++++++++++++++Route IPv6 info++++++++++++++++++++++++
[   12.608061] cloud-init[977]: ci-info: +-------+-----------------------+---------+-----------+-------+
[   12.613517] cloud-init[977]: ci-info: | Route |      Destination      | Gateway | Interface | Flags |
[   12.617927] cloud-init[977]: ci-info: +-------+-----------------------+---------+-----------+-------+
[   12.622552] cloud-init[977]: ci-info: |   1   | fd17:625c:f037:2::/64 |    ::   |   enp0s3  |   U   |
[   12.627011] cloud-init[977]: ci-info: |   2   |       fe80::/64       |    ::   |   enp0s3  |   U   |
[   12.631373] cloud-init[977]: ci-info: |   3   |          ::/0         | fe80::2 |   enp0s3  |   UG  |
[   12.636018] cloud-init[977]: ci-info: |   5   |         local         |    ::   |   enp0s3  |   U   |
[   12.640887] cloud-init[977]: ci-info: |   6   |        ff00::/8       |    ::   |   enp0s3  |   U   |
[   12.646416] cloud-init[977]: ci-info: +-------+-----------------------+---------+-----------+-------+
[   13.284326] cloud-init[977]: Generating public/private rsa key pair.
[   13.288152] cloud-init[977]: Your identification has been saved in /etc/ssh/ssh_host_rsa_key.
[   13.292242] cloud-init[977]: Your public key has been saved in /etc/ssh/ssh_host_rsa_key.pub.
[   13.296123] cloud-init[977]: The key fingerprint is:
[   13.299356] cloud-init[977]: SHA256:VebhpmXbPaPuopiRvx/4OJTTSy8sdP+ql341YWVjAas root@ubuntu-bionic
[   13.304073] cloud-init[977]: The key's randomart image is:
[   13.307546] cloud-init[977]: +---[RSA 2048]----+
[   13.310728] cloud-init[977]: |            +....|
[   13.314081] cloud-init[977]: |           = ..oo|
[   13.317303] cloud-init[977]: |          . *...o|
[   13.320534] cloud-init[977]: |         . =.o + |
[   13.323679] cloud-init[977]: |        S +E. ooo|
[   13.327049] cloud-init[977]: |        .=.+  ..+|
[   13.330318] cloud-init[977]: |       oo.=.+.. o|
[   13.333343] cloud-init[977]: |        =oo=o= . |
[   13.336394] cloud-init[977]: |       o =*+B=+. |
[   13.339599] cloud-init[977]: +----[SHA256]-----+
[   13.343069] cloud-init[977]: Generating public/private dsa key pair.
[   13.346783] cloud-init[977]: Your identification has been saved in /etc/ssh/ssh_host_dsa_key.
[   13.350251] cloud-init[977]: Your public key has been saved in /etc/ssh/ssh_host_dsa_key.pub.
[   13.354330] cloud-init[977]: The key fingerprint is:
[   13.357441] cloud-init[977]: SHA256:mfFusLE7fyGe66QnfjJwW1hU+ZTRZxJAOwXnIQbSiJ4 root@ubuntu-bionic
[   13.361586] cloud-init[977]: The key's randomart image is:
[   13.364160] cloud-init[977]: +---[DSA 1024]----+
[   13.367163] cloud-init[977]: |       ..o.+B+*= |
[[   13.369861] cloud-init[977]: |      . ..o..*+.+|
[   13.370190] cloud-init[977]: |     . ...  oo.o.|
[   13.370524] cloud-init[977]: |      E  =.  ..  |
[   13.370854] cloud-init[977]: |        So.      |
[   13.371543] cloud-init[977]: |      . o*o .    |
[   13.372239] cloud-init[977]: |       oo++o .   |
[   13.372621] cloud-init[977]: |        *== .    |
[   13.373303] cloud-init[977]: |       .+X+o     |
[   13.374021] cloud-init[977]: +----[SHA256]-----+
[   13.374702] cloud-init[977]: Generating public/private ecdsa key pair.
[   13.375407] cloud-init[977]: Your identification has been saved in /etc/ssh/ssh_host_ecdsa_key.
[   13.375756] cloud-init[977]: Your public key has been saved in /etc/ssh/ssh_host_ecdsa_key.pub.
[   13.376121] cloud-init[977]: The key fingerprint is:
[   13.376453] cloud-init[977]: SHA256:w7MgRGtr7UjJsSX8RxECVp/G+thIxntpg8CIQEdtqfE root@ubuntu-bionic
[   13.376810] cloud-init[977]: The key's randomart image is:
[   13.377156] cloud-init[977]: +---[ECDSA 256]---+
[   13.377509] cloud-init[977]: | ..o=o+ o.       |
[   13.378212] cloud-init[977]: |. .= = + o       |
[   13.378907] cloud-init[977]: |.   % . *        |
[   13.379630] cloud-init[977]: |.. B E =         |
[   13.379985] cloud-init[977]: |. . @ O S        |
[   13.380342] cloud-init[977]: |   o B X =       |
[   13.381042] cloud-init[977]: |    . * O        |
[   13.381734] cloud-init[977]: |       o .       |
[   13.382480] cloud-init[977]: |                 |
[   13.382854] cloud-init[977]: +----[SHA256]-----+
[   13.383627] cloud-init[977]: Generating public/private ed25519 key pair.
[   13.385233] cloud-init[977]: Your identification has been saved in /etc/ssh/ssh_host_ed25519_key.
[   13.386300] cloud-init[977]: Your public key has been saved in /etc/ssh/ssh_host_ed25519_key.pub.
[   13.387128] cloud-init[977]: The key fingerprint is:
[   13.388325] cloud-init[977]: SHA256:eKKgtZgMDnV1aQRvOyssx6V501Mu3/92hCmG1mh5P8M root@ubuntu-bionic
[   13.388898] cloud-init[977]: The key's randomart image is:
[   13.389581] cloud-init[977]: +--[ED25519 256]--+
[   13.389948] cloud-init[977]: |      ooo.       |
[   13.390289] cloud-init[977]: |     . oo        |
[   13.390646] cloud-init[977]: |  . .  .o        |
[   13.391352] cloud-init[977]: | . .   o .       |
[   13.391706] cloud-init[977]: |o o   o S  =.  o |
[   13.392416] cloud-init[977]: |== o + * +*o= o .|
[   13.392823] cloud-init[977]: |+o. o B +o+o.+ . |
[   13.393103] cloud-init[977]: |     o o . + .E o|
[   13.393490] cloud-init[977]: |            . .==|
[   13.394463] cloud-init[977]: +----[SHA256]-----+
[0;32m  OK  [0m] Started Initial cloud-init job (metadata service crawler).
[[0;32m  OK  [0m] Reached target Cloud-config availability.
[[0;32m  OK  [0m] Reached target Network is Online.
[[0;32m  OK  [0m] Reached target Remote File Systems (Pre).
[[0;32m  OK  [0m] Reached target Remote File Systems.
         Starting Availability of block devices...
[[0;32m  OK  [0m] Reached target System Initialization.
[[0;32m  OK  [0m] Listening on D-Bus System Message Bus Socket.
[[0;32m  OK  [0m] Listening on cloud-init hotplug hook socket.
[[0;32m  OK  [0m] Started Message of the Day.
         Starting Socket activation for snappy daemon.
[[0;32m  OK  [0m] Started Discard unused blocks once a week.
[[0;32m  OK  [0m] Listening on ACPID Listen Socket.
         Starting LXD - unix socket.
[[0;32m  OK  [0m] Started Daily apt download activities.
[[0;32m  OK  [0m] Started Daily apt upgrade and clean activities.
[[0;32m  OK  [0m] Started Daily Cleanup of Temporary Directories.
[[0;32m  OK  [0m] Started Ubuntu Advantage Timer for running repeated jobs.
[[0;32m  OK  [0m] Reached target Timers.
[[0;32m  OK  [0m] Listening on Open-iSCSI iscsid Socket.
[[0;32m  OK  [0m] Listening on UUID daemon activation socket.
[[0;32m  OK  [0m] Started ACPI Events Check.
[[0;32m  OK  [0m] Reached target Paths.
[[0;32m  OK  [0m] Started Availability of block devices.
[[0;32m  OK  [0m] Listening on Socket activation for snappy daemon.
[[0;32m  OK  [0m] Listening on LXD - unix socket.
[[0;32m  OK  [0m] Reached target Sockets.
[[0;32m  OK  [0m] Reached target Basic System.
[[0;32m  OK  [0m] Started FUSE filesystem for LXC.
         Starting System Logging Service...
[[0;32m  OK  [0m] Reached target Login Prompts (Pre).
         Starting Permit User Sessions...
         Starting Login Service...
         Starting Virtualbox guest utils...
         Starting Dispatcher daemon for systemd-networkd...
[[0;32m  OK  [0m] Started D-Bus System Message Bus.
[[0;32m  OK  [0m] Started Login Service.
[[0;32m  OK  [0m] Started Unattended Upgrades Shutdown.
         Starting LXD - container startup/shutdown...
[[0;32m  OK  [0m] Started Deferred execution scheduler.
[[0;32m  OK  [0m] Started Regular background program processing daemon.
         Starting Pollinate to seed the pseudo random number generator...
         Starting LSB: Record successful boot for GRUB...
         Starting LSB: automatic crash report generation...
         Starting Accounts Service...
[[0;32m  OK  [0m] Started irqbalance daemon.
         Starting Snap Daemon...
[[0;32m  OK  [0m] Started System Logging Service.
[[0;32m  OK  [0m] Started Permit User Sessions.
[[0;32m  OK  [0m] Started LXD - container startup/shutdown.
[[0;32m  OK  [0m] Started LSB: automatic crash report generation.
         Starting Authorization Manager...
         Starting Hostname Service...
         Starting Hold until boot process finishes up...
         Starting Terminate Plymouth Boot Screen...
[[0;32m  OK  [0m] Started LSB: Record successful boot for GRUB.
[[0;32m  OK  [0m] Started Hold until boot process finishes up.
         Starting Set console scheme...
[[0;32m  OK  [0m] Started Serial Getty on ttyS0.
[[0;32m  OK  [0m] Started Terminate Plymouth Boot Screen.
[[0;32m  OK  [0m] Started Set console scheme.
[[0;32m  OK  [0m] Created slice system-getty.slice.
[[0;32m  OK  [0m] Started Getty on tty1.
[[0;32m  OK  [0m] Reached target Login Prompts.
[[0;32m  OK  [0m] Started Authorization Manager.
[[0;32m  OK  [0m] Started Accounts Service.
[[0;32m  OK  [0m] Started Virtualbox guest utils.
[[0;32m  OK  [0m] Started Hostname Service.
[[0;32m  OK  [0m] Started Dispatcher daemon for systemd-networkd.
[[0;32m  OK  [0m] Started Snap Daemon.
         Starting Wait until snapd is fully seeded...
[[0;32m  OK  [0m] Started Pollinate to seed the pseudo random number generator.
         Starting OpenBSD Secure Shell server...
[[0;32m  OK  [0m] Started OpenBSD Secure Shell server.
[[0;32m  OK  [0m] Created slice User Slice of vagrant.
         Starting User Manager for UID 1000...
[[0;32m  OK  [0m] Started Session 1 of user vagrant.
[[0;32m  OK  [0m] Started User Manager for UID 1000.
         Starting Time & Date Service...
[[0;32m  OK  [0m] Started Time & Date Service.
[[0;32m  OK  [0m] Started Wait until snapd is fully seeded.
         Starting Apply the settings specified in cloud-config...
         Stopping User Manager for UID 1000...
[[0;32m  OK  [0m] Stopped User Manager for UID 1000.
[[0;32m  OK  [0m] Removed slice User Slice of vagrant.
[   19.244942] cloud-init[1719]: Cloud-init v. 23.1.2-0ubuntu0~18.04.1 running 'modules:config' at Tue, 19 Aug 2025 15:11:46 +0000. Up 18.66 seconds.
ci-info: no authorized SSH keys fingerprints found for user ubuntu.
<14>Aug 19 15:11:48 cloud-init: #############################################################
<14>Aug 19 15:11:48 cloud-init: -----BEGIN SSH HOST KEY FINGERPRINTS-----
<14>Aug 19 15:11:48 cloud-init: 1024 SHA256:mfFusLE7fyGe66QnfjJwW1hU+ZTRZxJAOwXnIQbSiJ4 root@ubuntu-bionic (DSA)
<14>Aug 19 15:11:48 cloud-init: 256 SHA256:w7MgRGtr7UjJsSX8RxECVp/G+thIxntpg8CIQEdtqfE root@ubuntu-bionic (ECDSA)
<14>Aug 19 15:11:48 cloud-init: 256 SHA256:eKKgtZgMDnV1aQRvOyssx6V501Mu3/92hCmG1mh5P8M root@ubuntu-bionic (ED25519)
<14>Aug 19 15:11:48 cloud-init: 2048 SHA256:VebhpmXbPaPuopiRvx/4OJTTSy8sdP+ql341YWVjAas root@ubuntu-bionic (RSA)
<14>Aug 19 15:11:48 cloud-init: -----END SSH HOST KEY FINGERPRINTS-----
<14>Aug 19 15:11:48 cloud-init: #############################################################
-----BEGIN SSH HOST KEY KEYS-----
ecdsa-sha2-nistp256 AAAAE2VjZHNhLXNoYTItbmlzdHAyNTYAAAAIbmlzdHAyNTYAAABBBFbfxoST00/Z8oWWc3e/vL3G8cfryBKKkv7eGcusrqSXwuy2V3a6xsUbNcbyLY5cbq3Uv9keSD0eEnrjOqcunko= root@ubuntu-bionic
ssh-ed25519 AAAAC3NzaC1lZDI1NTE5AAAAIFOJRoKE53j/enX6jM7lYYVt8ehxB6j5Vam3455Vbjyw root@ubuntu-bionic
ssh-rsa AAAAB3NzaC1yc2EAAAADAQABAAABAQDDsC0kc5xJCp7WV8bscWmM6GXTRtbLhCheGu3TPPGpkexLCAMCbe6C6fkEBU0GZ+rWc9h37bkaqQ6Va1WKCguBrwjcaopvr7lQI413KfXd8/sDzRk2AJ86vj1RVC+dkNzQd2lmfAaZ3kRgjpsgaouFna38GmgLw7JKfBISdvuWS7qB1eIOzihlrrMYGVDmNwmTC2l/k0RL92EZ8C0SVbVA/QjHU0Ux6yEoOzbyyu5xIkwifd23j9sr/qZaAj9IJjy2TJbQ8ehQ4ODXtIXVuXngso2cfNN70qqrju10369IzAJyKtOxNYlPjEgdyx75KqJpIEvdwArBUJSAuguWaEb1 root@ubuntu-bionic
-----END SSH HOST KEY KEYS-----
[   20.175836] cloud-init[1956]: Cloud-init v. 23.1.2-0ubuntu0~18.04.1 running 'modules:final' at Tue, 19 Aug 2025 15:11:47 +0000. Up 19.87 seconds.
[   20.176003] cloud-init[1956]: Cloud-init v. 23.1.2-0ubuntu0~18.04.1 finished at Tue, 19 Aug 2025 15:11:48 +0000. Datasource DataSourceNoCloud [seed=/dev/sdb][dsmode=net].  Up 20.14 seconds

Ubuntu 18.04.6 LTS ubuntu-bionic ttyS0

ubuntu-bionic login: 